\BOOKMARK [0][-]{chapter*.1}{Declaration}{}% 1
\BOOKMARK [0][-]{chapter*.2}{Acknowledgements}{}% 2
\BOOKMARK [0][-]{chapter*.3}{Summary}{}% 3
\BOOKMARK [0][-]{chapter*.4}{Original\040Contributions}{}% 4
\BOOKMARK [0][-]{section*.5}{List\040of\040Figures}{}% 5
\BOOKMARK [0][-]{section*.6}{List\040of\040Tables}{}% 6
\BOOKMARK [0][-]{chapter*.7}{List\040of\040Acronyms}{}% 7
\BOOKMARK [0][-]{chapter.1}{Introduction}{}% 8
\BOOKMARK [1][-]{section.1.1}{Freshwater\040degradation\040on\040large\040scales}{chapter.1}% 9
\BOOKMARK [1][-]{section.1.2}{Spatial\040models\040for\040freshwater\040ecological\040analyses}{chapter.1}% 10
\BOOKMARK [1][-]{section.1.3}{Catchment\040and\040regional\040scale\040stressors\040quantification}{chapter.1}% 11
\BOOKMARK [1][-]{section.1.4}{Large\040scale\040spatial\040relationship\040between\040biological\040quality\040elements\040and\040drivers}{chapter.1}% 12
\BOOKMARK [1][-]{section.1.5}{Large\040scale\040human\040and\040ecological\040risk\040assessment}{chapter.1}% 13
\BOOKMARK [1][-]{section.1.6}{Aims\040and\040objectives}{chapter.1}% 14
\BOOKMARK [0][-]{chapter.2}{An\040automated,\040objective\040and\040open\040source\040tool\040for\040stream\040threshold\040selection\040and\040upstream\040riparian\040corridor\040delineation}{}% 15
\BOOKMARK [1][-]{section.2.1}{Introduction}{chapter.2}% 16
\BOOKMARK [1][-]{section.2.2}{Materials\040and\040Methods}{chapter.2}% 17
\BOOKMARK [2][-]{subsection.2.2.1}{Data\040and\040software}{section.2.2}% 18
\BOOKMARK [2][-]{subsection.2.2.2}{Automated\040accumulation\040threshold\040selection}{section.2.2}% 19
\BOOKMARK [2][-]{subsection.2.2.3}{Automated\040upstream\040riparian\040corridor\040delineation}{section.2.2}% 20
\BOOKMARK [2][-]{subsection.2.2.4}{Comparison\040with\040other\040algorithms}{section.2.2}% 21
\BOOKMARK [1][-]{section.2.3}{Results\040and\040Discussion}{chapter.2}% 22
\BOOKMARK [2][-]{subsection.2.3.1}{Automated\040accumulation\040threshold\040and\040spatial\040scale}{section.2.3}% 23
\BOOKMARK [2][-]{subsection.2.3.2}{Goodness\040of\040stream\040network\040extraction\040from\040digital\040elevation\040models}{section.2.3}% 24
\BOOKMARK [2][-]{subsection.2.3.3}{Computational\040efficiency}{section.2.3}% 25
\BOOKMARK [2][-]{subsection.2.3.4}{Development\040and\040integration}{section.2.3}% 26
\BOOKMARK [2][-]{subsection.2.3.5}{Potential\040fields\040of\040application}{section.2.3}% 27
\BOOKMARK [1][-]{section.2.4}{Conclusions\040and\040outlook}{chapter.2}% 28
\BOOKMARK [0][-]{chapter.3}{Spatially\040shifting\040temporal\040points:\040estimating\040pooled\040within-time\040series\040variograms\040for\040scarce\040hydrological\040data}{}% 29
\BOOKMARK [1][-]{section.3.1}{Introduction}{chapter.3}% 30
\BOOKMARK [1][-]{section.3.2}{Methods}{chapter.3}% 31
\BOOKMARK [2][-]{subsection.3.2.1}{Spatial\040structure\040and\040stationarity\040tests}{section.3.2}% 32
\BOOKMARK [2][-]{subsection.3.2.2}{Computation\040of\040pooled\040within-time\040series\040\(PTS\)\040empirical\040variograms}{section.3.2}% 33
\BOOKMARK [2][-]{subsection.3.2.3}{Test\040for\040anisotropy}{section.3.2}% 34
\BOOKMARK [2][-]{subsection.3.2.4}{Estimation\040and\040precision\040of\040PTS\040variograms}{section.3.2}% 35
\BOOKMARK [1][-]{section.3.3}{Study\040area\040and\040data}{chapter.3}% 36
\BOOKMARK [1][-]{section.3.4}{Results}{chapter.3}% 37
\BOOKMARK [2][-]{subsection.3.4.1}{Spatial\040structure\040and\040stationarity}{section.3.4}% 38
\BOOKMARK [2][-]{subsection.3.4.2}{Pooled\040within-time\040series\040\(PTS\)\040empirical\040variograms}{section.3.4}% 39
\BOOKMARK [2][-]{subsection.3.4.3}{Precision\040of\040variogram\040estimation}{section.3.4}% 40
\BOOKMARK [2][-]{subsection.3.4.4}{Discussion\040and\040future\040research\040challenges}{section.3.4}% 41
\BOOKMARK [2][-]{subsection.3.4.5}{Conclusions}{section.3.4}% 42
\BOOKMARK [0][-]{chapter.4}{Large\040scale\040relationship\040between\040aquatic\040insect\040traits\040and\040climate}{}% 43
\BOOKMARK [1][-]{section.4.1}{Introduction}{chapter.4}% 44
\BOOKMARK [1][-]{section.4.2}{Materials\040and\040methods}{chapter.4}% 45
\BOOKMARK [2][-]{subsection.4.2.1}{Concepts\040of\040scale}{section.4.2}% 46
\BOOKMARK [2][-]{subsection.4.2.2}{Data\040and\040processing}{section.4.2}% 47
\BOOKMARK [2][-]{subsection.4.2.3}{Analyses\040of\040the\040spatial\040relationship\040between\040traits\040and\040climate}{section.4.2}% 48
\BOOKMARK [1][-]{section.4.3}{Results\040and\040Discussion}{chapter.4}% 49
\BOOKMARK [2][-]{subsection.4.3.1}{Which\040of\040the\040climate-associated\040traits\040and\040organism\040groups\040show\040the\040highest\040response\040to\040climate\040and\040highest\040potential\040for\040changing\040distribution\040pattern\040under\040future\040climate\040change?}{section.4.3}% 50
\BOOKMARK [2][-]{subsection.4.3.2}{Which\040of\040the\040climatic\040aspects\040show\040the\040strongest\040relationship\040with\040the\040traits\040and\040organism\040groups\040showing\040the\040highest\040response\040and\040potential\040for\040redistribution?}{section.4.3}% 51
\BOOKMARK [2][-]{subsection.4.3.3}{Concluding\040remarks}{section.4.3}% 52
\BOOKMARK [0][-]{chapter.5}{Mapping\040human\040health\040risks\040from\040exposure\040to\040trace\040metal\040contamination\040of\040drinking\040water\040sources\040in\040Pakistan}{}% 53
\BOOKMARK [1][-]{section.5.1}{Introduction}{chapter.5}% 54
\BOOKMARK [1][-]{section.5.2}{Materials\040and\040methods}{chapter.5}% 55
\BOOKMARK [2][-]{subsection.5.2.1}{Study\040area}{section.5.2}% 56
\BOOKMARK [2][-]{subsection.5.2.2}{Data\040compilation\040and\040processing}{section.5.2}% 57
\BOOKMARK [2][-]{subsection.5.2.3}{Spatial\040prediction\040of\040trace\040metal\040concentrations\040in\040ground\040and\040surface\040water}{section.5.2}% 58
\BOOKMARK [2][-]{subsection.5.2.4}{GWR\040model\040validation}{section.5.2}% 59
\BOOKMARK [2][-]{subsection.5.2.5}{GWR\040prediction\040uncertainties}{section.5.2}% 60
\BOOKMARK [2][-]{subsection.5.2.6}{Risk\040prediction}{section.5.2}% 61
\BOOKMARK [2][-]{subsection.5.2.7}{Risk\040prediction\040uncertainties}{section.5.2}% 62
\BOOKMARK [1][-]{section.5.3}{Results\040and\040Discussion}{chapter.5}% 63
\BOOKMARK [2][-]{subsection.5.3.1}{GWR\040prediction\040of\040trace\040metal\040concentration\040in\040ground\040and\040surface\040water}{section.5.3}% 64
\BOOKMARK [2][-]{subsection.5.3.2}{Human\040health\040risk\040from\040trace\040metals}{section.5.3}% 65
\BOOKMARK [2][-]{subsection.5.3.3}{Risk\040management}{section.5.3}% 66
\BOOKMARK [0][-]{chapter.6}{Major\040results\040and\040discussion}{}% 67
\BOOKMARK [1][-]{section.6.1}{Open-source\040and\040automated\040spatial\040tools\040for\040stressors\040quantification}{chapter.6}% 68
\BOOKMARK [2][-]{subsection.6.1.1}{Stream\040extraction\040in\040heterogenous\040and\040unmapped\040regions}{section.6.1}% 69
\BOOKMARK [2][-]{subsection.6.1.2}{Appropriate\040level\040of\040details\040of\040DEMs\040and\040MSNs\040for\040stream\040extraction}{section.6.1}% 70
\BOOKMARK [2][-]{subsection.6.1.3}{Space-time\040integration\040for\040filling\040spatiotemporal\040data\040gaps}{section.6.1}% 71
\BOOKMARK [1][-]{section.6.2}{Trait-based\040prediction\040of\040freshwater\040degradation}{chapter.6}% 72
\BOOKMARK [1][-]{section.6.3}{Large\040scale\040risk\040assessments}{chapter.6}% 73
\BOOKMARK [1][-]{section.6.4}{Outlook\040and\040concluding\040remarks}{chapter.6}% 74
\BOOKMARK [0][-]{appendix.A}{Supplementary\040materials\040for:An\040automated,\040objective\040and\040open\040source\040tool\040for\040stream\040threshold\040selection\040and\040upstream\040riparian\040corridor\040delineation}{}% 75
\BOOKMARK [1][-]{section.A.1}{Supplementary\040computer\040code\040and\040data}{appendix.A}% 76
\BOOKMARK [1][-]{section.A.2}{Supplementary\040figures}{appendix.A}% 77
\BOOKMARK [0][-]{appendix.B}{Supplementary\040materials\040for:Spatially\040shifting\040temporal\040points:\040estimating\040pooled\040within-time\040series\040variograms\040for\040scarce\040hydrological\040data}{}% 78
\BOOKMARK [1][-]{section.B.1}{Supplementary\040computer\040code\040and\040data}{appendix.B}% 79
\BOOKMARK [1][-]{section.B.2}{Supplementary\040figure\040and\040table}{appendix.B}% 80
\BOOKMARK [0][-]{appendix.C}{Supplementary\040materials\040for:Large\040scale\040relationship\040between\040aquatic\040insect\040traits\040and\040climate}{}% 81
\BOOKMARK [1][-]{section.C.1}{Supplementary\040figures}{appendix.C}% 82
\BOOKMARK [1][-]{section.C.2}{Supplementary\040tables}{appendix.C}% 83
\BOOKMARK [0][-]{appendix.D}{Supplementary\040materials\040for:Mapping\040human\040health\040risks\040from\040exposure\040to\040trace\040metal\040contamination\040of\040drinking\040water\040sources\040in\040Pakistan}{}% 84
\BOOKMARK [1][-]{section.D.1}{Supplementary\040figures}{appendix.D}% 85
\BOOKMARK [1][-]{section.D.2}{Supplementary\040tables}{appendix.D}% 86
